Using TensorFlow backend.
C:\Users\codyi\anaconda3\envs\athena\lib\site-packages\tensorflow\python\framework\dtypes.py:526: FutureWarning: Passing (type, 1) or '1type' as a synonym of type is deprecated; in a future version of numpy, it will be understood as (type, (1,)) / '(1,)type'.
  _np_qint8 = np.dtype([("qint8", np.int8, 1)])
C:\Users\codyi\anaconda3\envs\athena\lib\site-packages\tensorflow\python\framework\dtypes.py:527: FutureWarning: Passing (type, 1) or '1type' as a synonym of type is deprecated; in a future version of numpy, it will be understood as (type, (1,)) / '(1,)type'.
  _np_quint8 = np.dtype([("quint8", np.uint8, 1)])
C:\Users\codyi\anaconda3\envs\athena\lib\site-packages\tensorflow\python\framework\dtypes.py:528: FutureWarning: Passing (type, 1) or '1type' as a synonym of type is deprecated; in a future version of numpy, it will be understood as (type, (1,)) / '(1,)type'.
  _np_qint16 = np.dtype([("qint16", np.int16, 1)])
C:\Users\codyi\anaconda3\envs\athena\lib\site-packages\tensorflow\python\framework\dtypes.py:529: FutureWarning: Passing (type, 1) or '1type' as a synonym of type is deprecated; in a future version of numpy, it will be understood as (type, (1,)) / '(1,)type'.
  _np_quint16 = np.dtype([("quint16", np.uint16, 1)])
C:\Users\codyi\anaconda3\envs\athena\lib\site-packages\tensorflow\python\framework\dtypes.py:530: FutureWarning: Passing (type, 1) or '1type' as a synonym of type is deprecated; in a future version of numpy, it will be understood as (type, (1,)) / '(1,)type'.
  _np_qint32 = np.dtype([("qint32", np.int32, 1)])
C:\Users\codyi\anaconda3\envs\athena\lib\site-packages\tensorflow\python\framework\dtypes.py:535: FutureWarning: Passing (type, 1) or '1type' as a synonym of type is deprecated; in a future version of numpy, it will be understood as (type, (1,)) / '(1,)type'.
  np_resource = np.dtype([("resource", np.ubyte, 1)])
 Loading model [../../../models/cnn/model-mnist-cnn-clean.h5]...
WARNING:tensorflow:From C:\Users\codyi\anaconda3\envs\athena\lib\site-packages\tensorflow\python\ops\resource_variable_ops.py:435: colocate_with (from tensorflow.python.framework.ops) is deprecated and will be removed in a future version.
Instructions for updating:
Colocations handled automatically by placer.
2020-11-10 14:21:51.996288: I tensorflow/core/platform/cpu_feature_guard.cc:141] Your CPU supports instructions that this TensorFlow binary was not compiled to use: AVX AVX2
Keras model has no loss set. Classifier tries to use `k.sparse_categorical_crossentropy`.
 Loading model [../../../models/cnn/model-mnist-cnn-rotate90.h5]...
Keras model has no loss set. Classifier tries to use `k.sparse_categorical_crossentropy`.
 Loading model [../../../models/cnn/model-mnist-cnn-shift_left.h5]...
Keras model has no loss set. Classifier tries to use `k.sparse_categorical_crossentropy`.
 Loading model [../../../models/cnn/model-mnist-cnn-flip_horizontal.h5]...
Keras model has no loss set. Classifier tries to use `k.sparse_categorical_crossentropy`.
 Loading model [../../../models/cnn/model-mnist-cnn-affine_vertical_compress.h5]...
Keras model has no loss set. Classifier tries to use `k.sparse_categorical_crossentropy`.
 Loading model [../../../models/cnn/model-mnist-cnn-morph_erosion.h5]...
Keras model has no loss set. Classifier tries to use `k.sparse_categorical_crossentropy`.
 Loading model [../../../models/cnn/model-mnist-cnn-augment_samplewise_std_norm.h5]...
Keras model has no loss set. Classifier tries to use `k.sparse_categorical_crossentropy`.
 Loading model [../../../models/cnn/model-mnist-cnn-cartoon_mean_type1.h5]...
WARNING:tensorflow:From C:\Users\codyi\anaconda3\envs\athena\lib\site-packages\tensorflow\python\ops\math_ops.py:3066: to_int32 (from tensorflow.python.ops.math_ops) is deprecated and will be removed in a future version.
Instructions for updating:
Use tf.cast instead.
Keras model has no loss set. Classifier tries to use `k.sparse_categorical_crossentropy`.
 Loading model [../../../models/cnn/model-mnist-cnn-quant_4_clusters.h5]...
Keras model has no loss set. Classifier tries to use `k.sparse_categorical_crossentropy`.
 Loading model [../../../models/cnn/model-mnist-cnn-distort_x.h5]...
Keras model has no loss set. Classifier tries to use `k.sparse_categorical_crossentropy`.
 Loading model [../../../models/cnn/model-mnist-cnn-noise_gaussian.h5]...
Keras model has no loss set. Classifier tries to use `k.sparse_categorical_crossentropy`.
 Loading model [../../../models/cnn/model-mnist-cnn-filter_sobel.h5]...
Keras model has no loss set. Classifier tries to use `k.sparse_categorical_crossentropy`.
 Loading model [../../../models/cnn/model-mnist-cnn-compress_jpeg_quality_80.h5]...
Keras model has no loss set. Classifier tries to use `k.sparse_categorical_crossentropy`.
 Loading model [../../../models/cnn/model-mnist-cnn-denoise_tv_chambolle.h5]...
Keras model has no loss set. Classifier tries to use `k.sparse_categorical_crossentropy`.
 Loading model [../../../models/cnn/model-mnist-cnn-geo_swirl.h5]...
Keras model has no loss set. Classifier tries to use `k.sparse_categorical_crossentropy`.
 Loading model [../../../models/cnn/model-mnist-cnn-seg_gradient.h5]...
Keras model has no loss set. Classifier tries to use `k.sparse_categorical_crossentropy`.
 Loaded 16 models.
 Loading benign and adversarial samples as training/testing data
 Loaded samples as ndarray with shape (19, 10000, 28, 28, 1)  => (sets of images, number of images in set, image width, image height, pixel value)
    (0, 10000, 28, 28, 1) is the set of benign samples
    (1:45, 10000, 28, 28, 1) are the sets of adversarial samples 
 Collecting raw predictions from 16 models for 19 sets of 10000 images:
   collecting raw predictions for set  0 - test_BS-mnist-clean.npy
C:\Users\codyi\Repositories\project-athena\src\models\image_processor.py:73: UserWarning: Possible precision loss converting image of type float32 to uint8 as required by rank filters. Convert manually using skimage.util.img_as_ubyte to silence this warning.
  return _segment_trans(X, trans_args)
   collecting raw predictions for set  1 - test_AE-mnist-cnn-clean-fgsm_eps0.1.npy
C:\Users\codyi\Repositories\project-athena\src\models\image_processor.py:73: UserWarning: Possible precision loss converting image of type float32 to uint8 as required by rank filters. Convert manually using skimage.util.img_as_ubyte to silence this warning.
  return _segment_trans(X, trans_args)
   collecting raw predictions for set  2 - test_AE-mnist-cnn-clean-fgsm_eps0.3.npy
C:\Users\codyi\Repositories\project-athena\src\models\image_processor.py:73: UserWarning: Possible precision loss converting image of type float32 to uint8 as required by rank filters. Convert manually using skimage.util.img_as_ubyte to silence this warning.
  return _segment_trans(X, trans_args)
   collecting raw predictions for set  3 - test_AE-mnist-cnn-clean-bim_ord2_eps0.75.npy
C:\Users\codyi\Repositories\project-athena\src\models\image_processor.py:73: UserWarning: Possible precision loss converting image of type float32 to uint8 as required by rank filters. Convert manually using skimage.util.img_as_ubyte to silence this warning.
  return _segment_trans(X, trans_args)
   collecting raw predictions for set  4 - test_AE-mnist-cnn-clean-bim_ord2_eps1.2.npy
C:\Users\codyi\Repositories\project-athena\src\models\image_processor.py:73: UserWarning: Possible precision loss converting image of type float32 to uint8 as required by rank filters. Convert manually using skimage.util.img_as_ubyte to silence this warning.
  return _segment_trans(X, trans_args)
   collecting raw predictions for set  5 - test_AE-mnist-cnn-clean-bim_ordinf_eps0.075.npy
C:\Users\codyi\Repositories\project-athena\src\models\image_processor.py:73: UserWarning: Possible precision loss converting image of type float32 to uint8 as required by rank filters. Convert manually using skimage.util.img_as_ubyte to silence this warning.
  return _segment_trans(X, trans_args)
   collecting raw predictions for set  6 - test_AE-mnist-cnn-clean-bim_ordinf_eps0.12.npy
C:\Users\codyi\Repositories\project-athena\src\models\image_processor.py:73: UserWarning: Possible precision loss converting image of type float32 to uint8 as required by rank filters. Convert manually using skimage.util.img_as_ubyte to silence this warning.
  return _segment_trans(X, trans_args)
   collecting raw predictions for set  7 - test_AE-mnist-cnn-clean-cw_l2_lr0.0098.npy
C:\Users\codyi\Repositories\project-athena\src\models\image_processor.py:73: UserWarning: Possible precision loss converting image of type float32 to uint8 as required by rank filters. Convert manually using skimage.util.img_as_ubyte to silence this warning.
  return _segment_trans(X, trans_args)
   collecting raw predictions for set  8 - test_AE-mnist-cnn-clean-cw_l2_lr0.018.npy
C:\Users\codyi\Repositories\project-athena\src\models\image_processor.py:73: UserWarning: Possible precision loss converting image of type float32 to uint8 as required by rank filters. Convert manually using skimage.util.img_as_ubyte to silence this warning.
  return _segment_trans(X, trans_args)
   collecting raw predictions for set  9 - test_AE-mnist-cnn-clean-deepfool_l2_overshoot3.npy
C:\Users\codyi\Repositories\project-athena\src\models\image_processor.py:73: UserWarning: Possible precision loss converting image of type float32 to uint8 as required by rank filters. Convert manually using skimage.util.img_as_ubyte to silence this warning.
  return _segment_trans(X, trans_args)
   collecting raw predictions for set  10 - test_AE-mnist-cnn-clean-deepfool_l2_overshoot50.npy
C:\Users\codyi\Repositories\project-athena\src\models\image_processor.py:73: UserWarning: Possible precision loss converting image of type float32 to uint8 as required by rank filters. Convert manually using skimage.util.img_as_ubyte to silence this warning.
  return _segment_trans(X, trans_args)
   collecting raw predictions for set  11 - test_AE-mnist-cnn-clean-jsma_theta0.15_gamma0.5.npy
C:\Users\codyi\Repositories\project-athena\src\models\image_processor.py:73: UserWarning: Possible precision loss converting image of type float32 to uint8 as required by rank filters. Convert manually using skimage.util.img_as_ubyte to silence this warning.
  return _segment_trans(X, trans_args)
   collecting raw predictions for set  12 - test_AE-mnist-cnn-clean-jsma_theta0.25_gamma0.5.npy
C:\Users\codyi\Repositories\project-athena\src\models\image_processor.py:73: UserWarning: Possible precision loss converting image of type float32 to uint8 as required by rank filters. Convert manually using skimage.util.img_as_ubyte to silence this warning.
  return _segment_trans(X, trans_args)
   collecting raw predictions for set  13 - test_AE-mnist-cnn-clean-pgd_eps0.075.npy
C:\Users\codyi\Repositories\project-athena\src\models\image_processor.py:73: UserWarning: Possible precision loss converting image of type float32 to uint8 as required by rank filters. Convert manually using skimage.util.img_as_ubyte to silence this warning.
  return _segment_trans(X, trans_args)
   collecting raw predictions for set  14 - test_AE-mnist-cnn-clean-pgd_eps0.11.npy
C:\Users\codyi\Repositories\project-athena\src\models\image_processor.py:73: UserWarning: Possible precision loss converting image of type float32 to uint8 as required by rank filters. Convert manually using skimage.util.img_as_ubyte to silence this warning.
  return _segment_trans(X, trans_args)
   collecting raw predictions for set  15 - test_AE-mnist-cnn-clean-mim_eps0.06.npy
C:\Users\codyi\Repositories\project-athena\src\models\image_processor.py:73: UserWarning: Possible precision loss converting image of type float32 to uint8 as required by rank filters. Convert manually using skimage.util.img_as_ubyte to silence this warning.
  return _segment_trans(X, trans_args)
   collecting raw predictions for set  16 - test_AE-mnist-cnn-clean-mim_eps0.1.npy
C:\Users\codyi\Repositories\project-athena\src\models\image_processor.py:73: UserWarning: Possible precision loss converting image of type float32 to uint8 as required by rank filters. Convert manually using skimage.util.img_as_ubyte to silence this warning.
  return _segment_trans(X, trans_args)
   collecting raw predictions for set  17 - test_AE-mnist-cnn-clean-onepixel_pxCount15.npy
C:\Users\codyi\Repositories\project-athena\src\models\image_processor.py:73: UserWarning: Possible precision loss converting image of type float32 to uint8 as required by rank filters. Convert manually using skimage.util.img_as_ubyte to silence this warning.
  return _segment_trans(X, trans_args)
   collecting raw predictions for set  18 - test_AE-mnist-cnn-clean-onepixel_pxCount75.npy
C:\Users\codyi\Repositories\project-athena\src\models\image_processor.py:73: UserWarning: Possible precision loss converting image of type float32 to uint8 as required by rank filters. Convert manually using skimage.util.img_as_ubyte to silence this warning.
  return _segment_trans(X, trans_args)
 Saving compressed predictions to  ../../../Task2/data\predictions.npz
 Predictions saved. You may now close the terminal.